Performing C SOURCE FILE Test CMAKE_HAVE_LIBC_PTHREAD failed with the following output:
Change Dir: /home/krishna/Udacity/Projects/P1/CppND-Route-Planning-Project/cmake/CMakeFiles/CMakeTmp

Run Build Command(s):/usr/bin/make cmTC_63dc8/fast && /usr/bin/make  -f CMakeFiles/cmTC_63dc8.dir/build.make CMakeFiles/cmTC_63dc8.dir/build
make[1]: Entering directory '/home/krishna/Udacity/Projects/P1/CppND-Route-Planning-Project/cmake/CMakeFiles/CMakeTmp'
Building C object CMakeFiles/cmTC_63dc8.dir/src.c.o
/usr/bin/cc -DCMAKE_HAVE_LIBC_PTHREAD   -o CMakeFiles/cmTC_63dc8.dir/src.c.o -c /home/krishna/Udacity/Projects/P1/CppND-Route-Planning-Project/cmake/CMakeFiles/CMakeTmp/src.c
Linking C executable cmTC_63dc8
/snap/cmake/775/bin/cmake -E cmake_link_script CMakeFiles/cmTC_63dc8.dir/link.txt --verbose=1
/usr/bin/cc -LNEWPATH/lib -Wl,-rpath,/home/krishna/clang+llvm-6.0.0-x86_64-apple-darwin/lib  -rdynamic CMakeFiles/cmTC_63dc8.dir/src.c.o -o cmTC_63dc8 
CMakeFiles/cmTC_63dc8.dir/src.c.o: In function `main':
src.c:(.text+0x3e): undefined reference to `pthread_create'
src.c:(.text+0x4a): undefined reference to `pthread_detach'
src.c:(.text+0x56): undefined reference to `pthread_cancel'
src.c:(.text+0x67): undefined reference to `pthread_join'
src.c:(.text+0x7b): undefined reference to `pthread_atfork'
collect2: error: ld returned 1 exit status
CMakeFiles/cmTC_63dc8.dir/build.make:105: recipe for target 'cmTC_63dc8' failed
make[1]: *** [cmTC_63dc8] Error 1
make[1]: Leaving directory '/home/krishna/Udacity/Projects/P1/CppND-Route-Planning-Project/cmake/CMakeFiles/CMakeTmp'
Makefile:140: recipe for target 'cmTC_63dc8/fast' failed
make: *** [cmTC_63dc8/fast] Error 2


Source file was:
#include <pthread.h>

static void* test_func(void* data)
{
  return data;
}

int main(void)
{
  pthread_t thread;
  pthread_create(&thread, NULL, test_func, NULL);
  pthread_detach(thread);
  pthread_cancel(thread);
  pthread_join(thread, NULL);
  pthread_atfork(NULL, NULL, NULL);
  pthread_exit(NULL);

  return 0;
}

Determining if the function pthread_create exists in the pthreads failed with the following output:
Change Dir: /home/krishna/Udacity/Projects/P1/CppND-Route-Planning-Project/cmake/CMakeFiles/CMakeTmp

Run Build Command(s):/usr/bin/make cmTC_72893/fast && /usr/bin/make  -f CMakeFiles/cmTC_72893.dir/build.make CMakeFiles/cmTC_72893.dir/build
make[1]: Entering directory '/home/krishna/Udacity/Projects/P1/CppND-Route-Planning-Project/cmake/CMakeFiles/CMakeTmp'
Building C object CMakeFiles/cmTC_72893.dir/CheckFunctionExists.c.o
/usr/bin/cc   -DCHECK_FUNCTION_EXISTS=pthread_create -o CMakeFiles/cmTC_72893.dir/CheckFunctionExists.c.o -c /snap/cmake/775/share/cmake-3.19/Modules/CheckFunctionExists.c
Linking C executable cmTC_72893
/snap/cmake/775/bin/cmake -E cmake_link_script CMakeFiles/cmTC_72893.dir/link.txt --verbose=1
/usr/bin/cc  -DCHECK_FUNCTION_EXISTS=pthread_create -LNEWPATH/lib -Wl,-rpath,/home/krishna/clang+llvm-6.0.0-x86_64-apple-darwin/lib  -rdynamic CMakeFiles/cmTC_72893.dir/CheckFunctionExists.c.o -o cmTC_72893  -lpthreads 
/usr/bin/ld: cannot find -lpthreads
collect2: error: ld returned 1 exit status
CMakeFiles/cmTC_72893.dir/build.make:105: recipe for target 'cmTC_72893' failed
make[1]: *** [cmTC_72893] Error 1
make[1]: Leaving directory '/home/krishna/Udacity/Projects/P1/CppND-Route-Planning-Project/cmake/CMakeFiles/CMakeTmp'
Makefile:140: recipe for target 'cmTC_72893/fast' failed
make: *** [cmTC_72893/fast] Error 2



